2025-05-07 16:51:14,110 - INFO - Starting date link conversion in folder: ./obsidian
2025-05-07 16:51:14,111 - INFO - Test mode is OFF
2025-05-07 16:51:14,114 - INFO - Updated links in './obsidian\3 Build V0.4 Commentators Box.md'
2025-05-07 16:51:14,116 - INFO - Updated links in './obsidian\9324 Service Bulletin Elite Series Masso Motor Resolution Update.md'
2025-05-07 16:51:14,120 - INFO - Updated links in './obsidian\Arrange Cataract appointment for second eye.md'
2025-05-07 16:51:14,121 - INFO - Updated links in './obsidian\B & Q Bathroom Survey.md'
2025-05-07 16:51:14,122 - INFO - Updated links in './obsidian\B and Q Survey Date.md'
2025-05-07 16:51:14,124 - INFO - Updated links in './obsidian\Birmingham Museum and Art Gallery.md'
2025-05-07 16:51:14,134 - INFO - Updated links in './obsidian\BK02-50 Rose and Frescia 100x100 Lens 2025 03 16 V01.md'
2025-05-07 16:51:14,135 - INFO - Updated links in './obsidian\BK02-53 Rose and Frescia 100x100 Lens 2025 03 16 V01.md'
2025-05-07 16:51:14,136 - INFO - Updated links in './obsidian\BK03-01 2025 03 17 Rose and Frescia Dark V01.md'
2025-05-07 16:51:14,139 - INFO - Updated links in './obsidian\Blurry Vision from Right Eye.md'
2025-05-07 16:51:14,139 - INFO - Updated links in './obsidian\Booked Crantock Bay Appartments.md'
2025-05-07 16:51:14,141 - INFO - Updated links in './obsidian\British Airways.md'
2025-05-07 16:51:14,142 - INFO - Updated links in './obsidian\Call with Nurse - Notes.md'
2025-05-07 16:51:14,142 - INFO - Updated links in './obsidian\Call with Social Care 2025-01-22 about Dad’s Needs.md'
2025-05-07 16:51:14,143 - INFO - Updated links in './obsidian\CAM and Build V0.3.md'
2025-05-07 16:51:14,145 - INFO - Updated links in './obsidian\Change your 3D Viewport Preference in Houdini 20.5  - Speed Up the Viewport.md'
2025-05-07 16:51:14,146 - INFO - Updated links in './obsidian\Chemo and Radio 09 03.md'
2025-05-07 16:51:14,147 - INFO - Updated links in './obsidian\Chemo and radio 09 05.md'
2025-05-07 16:51:14,147 - INFO - Updated links in './obsidian\Chemo and radio 09 06.md'
2025-05-07 16:51:14,148 - INFO - Updated links in './obsidian\Chemo and radio day 2 08 20.md'
2025-05-07 16:51:14,149 - INFO - Updated links in './obsidian\Clive Jacques.md'
2025-05-07 16:51:14,150 - INFO - Updated links in './obsidian\Close Down of Tata Steel Engagement.md'
2025-05-07 16:51:14,152 - INFO - Updated links in './obsidian\Coming Off Pregabalin.md'
2025-05-07 16:51:14,156 - INFO - Updated links in './obsidian\Custom Care Service.md'
2025-05-07 16:51:14,157 - INFO - Updated links in './obsidian\Dad Admitted to hospital following fall.md'
2025-05-07 16:51:14,159 - INFO - Updated links in './obsidian\Diarrhoea.md'
2025-05-07 16:51:14,161 - INFO - Updated links in './obsidian\Drawing Cartoon.md'
2025-05-07 16:51:14,161 - INFO - Updated links in './obsidian\Echoes Art Exhibition.md'
2025-05-07 16:51:14,167 - INFO - Updated links in './obsidian\Garage Build.md'
2025-05-07 16:51:14,171 - INFO - Updated links in './obsidian\Houdini Solaris Introduction (Inside the Mind ).md'
2025-05-07 16:51:14,176 - INFO - Updated links in './obsidian\Install EV Charging Point.md'
2025-05-07 16:51:14,178 - INFO - Updated links in './obsidian\Jackie P Sea Pendant.md'
2025-05-07 16:51:14,180 - INFO - Updated links in './obsidian\Laser Calibration 110x110.md'
2025-05-07 16:51:14,182 - INFO - Updated links in './obsidian\Laurent Jouaneau.md'
2025-05-07 16:51:14,183 - INFO - Updated links in './obsidian\Leg Pain.md'
2025-05-07 16:51:14,184 - INFO - Updated links in './obsidian\Look into statutory sick pay.md'
2025-05-07 16:51:14,187 - INFO - Updated links in './obsidian\Masso Screen Not Working - October 2024.md'
2025-05-07 16:51:14,189 - INFO - Updated links in './obsidian\Meetings with Radiographer.md'
2025-05-07 16:51:14,190 - INFO - Updated links in './obsidian\Michel Arad.md'
2025-05-07 16:51:14,192 - INFO - Updated links in './obsidian\Minoan Button Milling of Blank for Casting.md'
2025-05-07 16:51:14,193 - INFO - Updated links in './obsidian\MRI Scan Pre Novmber 22 Consult.md'
2025-05-07 16:51:14,194 - INFO - Updated links in './obsidian\Mum and Dads Bathroom.md'
2025-05-07 16:51:14,198 - INFO - Updated links in './obsidian\Ordered Reolink Security Camera.md'
2025-05-07 16:51:14,199 - INFO - Updated links in './obsidian\Orthopaedics Referral.md'
2025-05-07 16:51:14,200 - INFO - Updated links in './obsidian\Papillon Treatment.md'
2025-05-07 16:51:14,201 - INFO - Updated links in './obsidian\Paystream.md'
2025-05-07 16:51:14,202 - INFO - Updated links in './obsidian\Pension Income Planning (PIP) - Decision to Cash In Exxon Pension.md'
2025-05-07 16:51:14,203 - INFO - Updated links in './obsidian\Phlebotomy SCH Guildford.md'
2025-05-07 16:51:14,204 - INFO - Updated links in './obsidian\Plan Exit from TataSteel.md'
2025-05-07 16:51:14,205 - INFO - Updated links in './obsidian\Poly Joke.md'
2025-05-07 16:51:14,206 - INFO - Updated links in './obsidian\Pond Reinstatement at Badger’s Corner.md'
2025-05-07 16:51:14,207 - INFO - Updated links in './obsidian\Poppy Engrave Test.md'
2025-05-07 16:51:14,209 - INFO - Updated links in './obsidian\Project  Create 3d model of TWIX using Houdini.md'
2025-05-07 16:51:14,209 - INFO - Updated links in './obsidian\Query on Custom Care Invoice 180-66001461.md'
2025-05-07 16:51:14,211 - INFO - Updated links in './obsidian\Rebecca Lee responded to the file transfer test.md'
2025-05-07 16:51:14,211 - INFO - Updated links in './obsidian\Red Dot Laser Calibration 110x110.md'
2025-05-07 16:51:14,212 - INFO - Updated links in './obsidian\Red mark or blister inside left leg.md'
2025-05-07 16:51:14,213 - INFO - Updated links in './obsidian\Rennie Tools.md'
2025-05-07 16:51:14,214 - INFO - Updated links in './obsidian\Replaced Masso Onefinity Power Unti 2025 03 25.md'
2025-05-07 16:51:14,215 - INFO - Updated links in './obsidian\Rob Cattrell.md'
2025-05-07 16:51:14,216 - INFO - Updated links in './obsidian\Roses V003.01 - FINISHED 01 - VECTOR MASKING V01.md'
2025-05-07 16:51:14,216 - INFO - Updated links in './obsidian\Roses V003.01 - FINISHED 01 - VECTOR MASKING V02.md'
2025-05-07 16:51:14,217 - INFO - Updated links in './obsidian\Roses V003.01 - FINISHED 01 - VECTOR MASKING V03.md'
2025-05-07 16:51:14,218 - INFO - Updated links in './obsidian\Rouen Cathedral in Silver.md'
2025-05-07 16:51:14,221 - INFO - Updated links in './obsidian\Silver Pendant Replacement.md'
2025-05-07 16:51:14,224 - INFO - Updated links in './obsidian\Take Silver Art Pieces to Birmingham Gallery.md'
2025-05-07 16:51:14,225 - INFO - Updated links in './obsidian\Telephone Consult 2024 10 18.md'
2025-05-07 16:51:14,226 - INFO - Updated links in './obsidian\Telephone Consult 2024 11 22.md'
2025-05-07 16:51:14,227 - INFO - Updated links in './obsidian\The COMPLETE Guide to Timing and Delay for Galvo Lasers.md'
2025-05-07 16:51:14,229 - INFO - Updated links in './obsidian\Tiredness from Radio Chemo Therapy.md'
2025-05-07 16:51:14,239 - INFO - Updated links in './obsidian\calendar\2024-08.md'
2025-05-07 16:51:14,241 - INFO - Updated links in './obsidian\calendar\2024-09.md'
2025-05-07 16:51:14,242 - INFO - Updated links in './obsidian\calendar\2024-10-21.md'
2025-05-07 16:51:14,244 - INFO - Updated links in './obsidian\calendar\2024-10.md'
2025-05-07 16:51:14,245 - INFO - Updated links in './obsidian\calendar\2024-11.md'
2025-05-07 16:51:14,246 - INFO - Updated links in './obsidian\calendar\2024-12.md'
2025-05-07 16:51:14,247 - INFO - Updated links in './obsidian\calendar\2025-01.md'
2025-05-07 16:51:14,247 - INFO - Updated links in './obsidian\calendar\2025-02.md'
2025-05-07 16:51:14,250 - INFO - Updated links in './obsidian\calendar\2025-03.md'
2025-05-07 16:51:14,252 - INFO - Updated links in './obsidian\calendar\2025-04.md'
2025-05-07 16:51:14,252 - INFO - Updated links in './obsidian\calendar\2025-05.md'
2025-05-07 16:51:14,253 - INFO - Updated links in './obsidian\calendar\2025-06.md'
2025-05-07 16:51:14,254 - INFO - Updated links in './obsidian\calendar\2025-07.md'
2025-05-07 16:51:14,254 - INFO - Updated links in './obsidian\calendar\2025-08.md'
2025-05-07 16:51:14,255 - INFO - Updated links in './obsidian\calendar\2025-09.md'
2025-05-07 16:51:14,255 - INFO - Updated links in './obsidian\calendar\2025-10.md'
2025-05-07 16:51:14,256 - INFO - Updated links in './obsidian\calendar\2025-11.md'
2025-05-07 16:51:14,257 - INFO - Updated links in './obsidian\calendar\2025-12.md'
2025-05-07 16:51:14,277 - INFO - Date link conversion process completed.
