2025-05-07 16:37:10,333 - INFO - Starting file renaming in directory: ./test_directory
2025-05-07 16:37:10,334 - INFO - Test mode is ON
2025-05-07 16:38:11,983 - INFO - Starting file renaming in directory: ./obsidian/calendar
2025-05-07 16:38:11,984 - INFO - Test mode is ON
2025-05-07 16:38:11,984 - INFO - Test: Would rename './obsidian/calendar\2024 08 07.md' to './obsidian/calendar\2024-08-07.md'
2025-05-07 16:38:11,994 - INFO - Test: Would rename './obsidian/calendar\2024 08 18.md' to './obsidian/calendar\2024-08-18.md'
2025-05-07 16:38:11,994 - INFO - Test: Would rename './obsidian/calendar\2024 08 19.md' to './obsidian/calendar\2024-08-19.md'
2025-05-07 16:38:11,994 - INFO - Test: Would rename './obsidian/calendar\2024 08 20.md' to './obsidian/calendar\2024-08-20.md'
2025-05-07 16:38:11,994 - INFO - Test: Would rename './obsidian/calendar\2024 08 21.md' to './obsidian/calendar\2024-08-21.md'
2025-05-07 16:38:11,994 - INFO - Test: Would rename './obsidian/calendar\2024 08 22.md' to './obsidian/calendar\2024-08-22.md'
2025-05-07 16:38:11,995 - INFO - Test: Would rename './obsidian/calendar\2024 08 23.md' to './obsidian/calendar\2024-08-23.md'
2025-05-07 16:38:11,995 - INFO - Test: Would rename './obsidian/calendar\2024 08 24.md' to './obsidian/calendar\2024-08-24.md'
2025-05-07 16:38:11,995 - INFO - Test: Would rename './obsidian/calendar\2024 08 26.md' to './obsidian/calendar\2024-08-26.md'
2025-05-07 16:38:11,995 - INFO - Test: Would rename './obsidian/calendar\2024 08 27.md' to './obsidian/calendar\2024-08-27.md'
2025-05-07 16:38:11,995 - INFO - Test: Would rename './obsidian/calendar\2024 08 28.md' to './obsidian/calendar\2024-08-28.md'
2025-05-07 16:38:11,995 - INFO - Test: Would rename './obsidian/calendar\2024 08 29.md' to './obsidian/calendar\2024-08-29.md'
2025-05-07 16:38:11,995 - INFO - Test: Would rename './obsidian/calendar\2024 08 30.md' to './obsidian/calendar\2024-08-30.md'
2025-05-07 16:38:11,996 - INFO - Test: Would rename './obsidian/calendar\2024 08 31.md' to './obsidian/calendar\2024-08-31.md'
2025-05-07 16:38:11,996 - INFO - Test: Would rename './obsidian/calendar\2024 08.md' to './obsidian/calendar\2024-08.md'
2025-05-07 16:38:11,996 - INFO - Test: Would rename './obsidian/calendar\2024 09 01.md' to './obsidian/calendar\2024-09-01.md'
2025-05-07 16:38:11,996 - INFO - Test: Would rename './obsidian/calendar\2024 09 02.md' to './obsidian/calendar\2024-09-02.md'
2025-05-07 16:38:11,996 - INFO - Test: Would rename './obsidian/calendar\2024 09 03.md' to './obsidian/calendar\2024-09-03.md'
2025-05-07 16:38:11,996 - INFO - Test: Would rename './obsidian/calendar\2024 09 05.md' to './obsidian/calendar\2024-09-05.md'
2025-05-07 16:38:11,997 - INFO - Test: Would rename './obsidian/calendar\2024 09 06.md' to './obsidian/calendar\2024-09-06.md'
2025-05-07 16:38:11,997 - INFO - Test: Would rename './obsidian/calendar\2024 09 07.md' to './obsidian/calendar\2024-09-07.md'
2025-05-07 16:38:11,997 - INFO - Test: Would rename './obsidian/calendar\2024 09 08.md' to './obsidian/calendar\2024-09-08.md'
2025-05-07 16:38:11,997 - INFO - Test: Would rename './obsidian/calendar\2024 09 09.md' to './obsidian/calendar\2024-09-09.md'
2025-05-07 16:38:11,997 - INFO - Test: Would rename './obsidian/calendar\2024 09 10.md' to './obsidian/calendar\2024-09-10.md'
2025-05-07 16:38:11,997 - INFO - Test: Would rename './obsidian/calendar\2024 09 11.md' to './obsidian/calendar\2024-09-11.md'
2025-05-07 16:38:11,998 - INFO - Test: Would rename './obsidian/calendar\2024 09 12.md' to './obsidian/calendar\2024-09-12.md'
2025-05-07 16:38:11,998 - INFO - Test: Would rename './obsidian/calendar\2024 09 15.md' to './obsidian/calendar\2024-09-15.md'
2025-05-07 16:38:11,998 - INFO - Test: Would rename './obsidian/calendar\2024 09 16.md' to './obsidian/calendar\2024-09-16.md'
2025-05-07 16:38:11,998 - INFO - Test: Would rename './obsidian/calendar\2024 09 22.md' to './obsidian/calendar\2024-09-22.md'
2025-05-07 16:38:11,998 - INFO - Test: Would rename './obsidian/calendar\2024 09 26.md' to './obsidian/calendar\2024-09-26.md'
2025-05-07 16:38:11,998 - INFO - Test: Would rename './obsidian/calendar\2024 09 27.md' to './obsidian/calendar\2024-09-27.md'
2025-05-07 16:38:11,999 - INFO - Test: Would rename './obsidian/calendar\2024 09 30.md' to './obsidian/calendar\2024-09-30.md'
2025-05-07 16:38:11,999 - INFO - Test: Would rename './obsidian/calendar\2024 09.md' to './obsidian/calendar\2024-09.md'
2025-05-07 16:38:11,999 - INFO - Test: Would rename './obsidian/calendar\2024 10 02.md' to './obsidian/calendar\2024-10-02.md'
2025-05-07 16:38:11,999 - INFO - Test: Would rename './obsidian/calendar\2024 10 03.md' to './obsidian/calendar\2024-10-03.md'
2025-05-07 16:38:11,999 - INFO - Test: Would rename './obsidian/calendar\2024 10 04.md' to './obsidian/calendar\2024-10-04.md'
2025-05-07 16:38:12,000 - INFO - Test: Would rename './obsidian/calendar\2024 10 05.md' to './obsidian/calendar\2024-10-05.md'
2025-05-07 16:38:12,000 - INFO - Test: Would rename './obsidian/calendar\2024 10 11.md' to './obsidian/calendar\2024-10-11.md'
2025-05-07 16:38:12,000 - INFO - Test: Would rename './obsidian/calendar\2024 10 12.md' to './obsidian/calendar\2024-10-12.md'
2025-05-07 16:38:12,000 - INFO - Test: Would rename './obsidian/calendar\2024 10 13.md' to './obsidian/calendar\2024-10-13.md'
2025-05-07 16:38:12,000 - INFO - Test: Would rename './obsidian/calendar\2024 10 14.md' to './obsidian/calendar\2024-10-14.md'
2025-05-07 16:38:12,000 - INFO - Test: Would rename './obsidian/calendar\2024 10 16.md' to './obsidian/calendar\2024-10-16.md'
2025-05-07 16:38:12,001 - INFO - Test: Would rename './obsidian/calendar\2024 10 21.md' to './obsidian/calendar\2024-10-21.md'
2025-05-07 16:38:12,001 - INFO - Test: Would rename './obsidian/calendar\2024 10 22.md' to './obsidian/calendar\2024-10-22.md'
2025-05-07 16:38:12,001 - INFO - Test: Would rename './obsidian/calendar\2024 10 24.md' to './obsidian/calendar\2024-10-24.md'
2025-05-07 16:38:12,001 - INFO - Test: Would rename './obsidian/calendar\2024 10 25.md' to './obsidian/calendar\2024-10-25.md'
2025-05-07 16:38:12,001 - INFO - Test: Would rename './obsidian/calendar\2024 10 26.md' to './obsidian/calendar\2024-10-26.md'
2025-05-07 16:38:12,001 - INFO - Test: Would rename './obsidian/calendar\2024 10 27.md' to './obsidian/calendar\2024-10-27.md'
2025-05-07 16:38:12,001 - INFO - Test: Would rename './obsidian/calendar\2024 10 28.md' to './obsidian/calendar\2024-10-28.md'
2025-05-07 16:38:12,002 - INFO - Test: Would rename './obsidian/calendar\2024 10 31.md' to './obsidian/calendar\2024-10-31.md'
2025-05-07 16:38:12,002 - INFO - Test: Would rename './obsidian/calendar\2024 10.md' to './obsidian/calendar\2024-10.md'
2025-05-07 16:38:12,002 - INFO - Test: Would rename './obsidian/calendar\2024 11 06.md' to './obsidian/calendar\2024-11-06.md'
2025-05-07 16:38:12,002 - INFO - Test: Would rename './obsidian/calendar\2024 11 12.md' to './obsidian/calendar\2024-11-12.md'
2025-05-07 16:38:12,002 - INFO - Test: Would rename './obsidian/calendar\2024 11 19.md' to './obsidian/calendar\2024-11-19.md'
2025-05-07 16:38:12,002 - INFO - Test: Would rename './obsidian/calendar\2024 11 21.md' to './obsidian/calendar\2024-11-21.md'
2025-05-07 16:38:12,003 - INFO - Test: Would rename './obsidian/calendar\2024 11.md' to './obsidian/calendar\2024-11.md'
2025-05-07 16:38:12,003 - INFO - Test: Would rename './obsidian/calendar\2024 12 09.md' to './obsidian/calendar\2024-12-09.md'
2025-05-07 16:38:12,003 - INFO - Test: Would rename './obsidian/calendar\2024 12.md' to './obsidian/calendar\2024-12.md'
2025-05-07 16:38:12,003 - INFO - Test: Would rename './obsidian/calendar\2025 01 04.md' to './obsidian/calendar\2025-01-04.md'
2025-05-07 16:38:12,003 - INFO - Test: Would rename './obsidian/calendar\2025 01 07.md' to './obsidian/calendar\2025-01-07.md'
2025-05-07 16:38:12,003 - INFO - Test: Would rename './obsidian/calendar\2025 01 24.md' to './obsidian/calendar\2025-01-24.md'
2025-05-07 16:38:12,004 - INFO - Test: Would rename './obsidian/calendar\2025 01.md' to './obsidian/calendar\2025-01.md'
2025-05-07 16:38:12,004 - INFO - Test: Would rename './obsidian/calendar\2025 02 12.md' to './obsidian/calendar\2025-02-12.md'
2025-05-07 16:38:12,004 - INFO - Test: Would rename './obsidian/calendar\2025 02 25.md' to './obsidian/calendar\2025-02-25.md'
2025-05-07 16:38:12,004 - INFO - Test: Would rename './obsidian/calendar\2025 02 26.md' to './obsidian/calendar\2025-02-26.md'
2025-05-07 16:38:12,004 - INFO - Test: Would rename './obsidian/calendar\2025 02 27.md' to './obsidian/calendar\2025-02-27.md'
2025-05-07 16:38:12,004 - INFO - Test: Would rename './obsidian/calendar\2025 02 28.md' to './obsidian/calendar\2025-02-28.md'
2025-05-07 16:38:12,005 - INFO - Test: Would rename './obsidian/calendar\2025 02.md' to './obsidian/calendar\2025-02.md'
2025-05-07 16:38:12,005 - INFO - Test: Would rename './obsidian/calendar\2025 03 01.md' to './obsidian/calendar\2025-03-01.md'
2025-05-07 16:38:12,005 - INFO - Test: Would rename './obsidian/calendar\2025 03 02.md' to './obsidian/calendar\2025-03-02.md'
2025-05-07 16:38:12,006 - INFO - Test: Would rename './obsidian/calendar\2025 03 03.md' to './obsidian/calendar\2025-03-03.md'
2025-05-07 16:38:12,006 - INFO - Test: Would rename './obsidian/calendar\2025 03 04.md' to './obsidian/calendar\2025-03-04.md'
2025-05-07 16:38:12,006 - INFO - Test: Would rename './obsidian/calendar\2025 03 05.md' to './obsidian/calendar\2025-03-05.md'
2025-05-07 16:38:12,007 - INFO - Test: Would rename './obsidian/calendar\2025 03 06.md' to './obsidian/calendar\2025-03-06.md'
2025-05-07 16:38:12,007 - INFO - Test: Would rename './obsidian/calendar\2025 03 09.md' to './obsidian/calendar\2025-03-09.md'
2025-05-07 16:38:12,007 - INFO - Test: Would rename './obsidian/calendar\2025 03 10.md' to './obsidian/calendar\2025-03-10.md'
2025-05-07 16:38:12,008 - INFO - Test: Would rename './obsidian/calendar\2025 03 11.md' to './obsidian/calendar\2025-03-11.md'
2025-05-07 16:38:12,008 - INFO - Test: Would rename './obsidian/calendar\2025 03 20.md' to './obsidian/calendar\2025-03-20.md'
2025-05-07 16:38:12,008 - INFO - Test: Would rename './obsidian/calendar\2025 03 21.md' to './obsidian/calendar\2025-03-21.md'
2025-05-07 16:38:12,009 - INFO - Test: Would rename './obsidian/calendar\2025 03 22.md' to './obsidian/calendar\2025-03-22.md'
2025-05-07 16:38:12,009 - INFO - Test: Would rename './obsidian/calendar\2025 03 25.md' to './obsidian/calendar\2025-03-25.md'
2025-05-07 16:38:12,009 - INFO - Test: Would rename './obsidian/calendar\2025 03 30.md' to './obsidian/calendar\2025-03-30.md'
2025-05-07 16:38:12,009 - INFO - Test: Would rename './obsidian/calendar\2025 03 31.md' to './obsidian/calendar\2025-03-31.md'
2025-05-07 16:38:12,010 - INFO - Test: Would rename './obsidian/calendar\2025 03.md' to './obsidian/calendar\2025-03.md'
2025-05-07 16:38:12,010 - INFO - Test: Would rename './obsidian/calendar\2025 04 02.md' to './obsidian/calendar\2025-04-02.md'
2025-05-07 16:38:12,010 - INFO - Test: Would rename './obsidian/calendar\2025 04 07.md' to './obsidian/calendar\2025-04-07.md'
2025-05-07 16:38:12,010 - INFO - Test: Would rename './obsidian/calendar\2025 04 08.md' to './obsidian/calendar\2025-04-08.md'
2025-05-07 16:38:12,010 - INFO - Test: Would rename './obsidian/calendar\2025 04 10.md' to './obsidian/calendar\2025-04-10.md'
2025-05-07 16:38:12,011 - INFO - Test: Would rename './obsidian/calendar\2025 04 11.md' to './obsidian/calendar\2025-04-11.md'
2025-05-07 16:38:12,011 - INFO - Test: Would rename './obsidian/calendar\2025 04 12.md' to './obsidian/calendar\2025-04-12.md'
2025-05-07 16:38:12,011 - INFO - Test: Would rename './obsidian/calendar\2025 04 13.md' to './obsidian/calendar\2025-04-13.md'
2025-05-07 16:38:12,011 - INFO - Test: Would rename './obsidian/calendar\2025 04 14.md' to './obsidian/calendar\2025-04-14.md'
2025-05-07 16:38:12,012 - INFO - Test: Would rename './obsidian/calendar\2025 04 16.md' to './obsidian/calendar\2025-04-16.md'
2025-05-07 16:38:12,012 - INFO - Test: Would rename './obsidian/calendar\2025 04 21.md' to './obsidian/calendar\2025-04-21.md'
2025-05-07 16:38:12,012 - INFO - Test: Would rename './obsidian/calendar\2025 04 22.md' to './obsidian/calendar\2025-04-22.md'
2025-05-07 16:38:12,012 - INFO - Test: Would rename './obsidian/calendar\2025 04 23.md' to './obsidian/calendar\2025-04-23.md'
2025-05-07 16:38:12,013 - INFO - Test: Would rename './obsidian/calendar\2025 04 24.md' to './obsidian/calendar\2025-04-24.md'
2025-05-07 16:38:12,013 - INFO - Test: Would rename './obsidian/calendar\2025 04 25.md' to './obsidian/calendar\2025-04-25.md'
2025-05-07 16:38:12,013 - INFO - Test: Would rename './obsidian/calendar\2025 04 26.md' to './obsidian/calendar\2025-04-26.md'
2025-05-07 16:38:12,013 - INFO - Test: Would rename './obsidian/calendar\2025 04 28.md' to './obsidian/calendar\2025-04-28.md'
2025-05-07 16:38:12,013 - INFO - Test: Would rename './obsidian/calendar\2025 04.md' to './obsidian/calendar\2025-04.md'
2025-05-07 16:38:12,014 - INFO - Test: Would rename './obsidian/calendar\2025 05.md' to './obsidian/calendar\2025-05.md'
2025-05-07 16:38:12,014 - INFO - Test: Would rename './obsidian/calendar\2025 06.md' to './obsidian/calendar\2025-06.md'
2025-05-07 16:38:12,014 - INFO - Test: Would rename './obsidian/calendar\2025 07.md' to './obsidian/calendar\2025-07.md'
2025-05-07 16:38:12,014 - INFO - Test: Would rename './obsidian/calendar\2025 08.md' to './obsidian/calendar\2025-08.md'
2025-05-07 16:38:12,014 - INFO - Test: Would rename './obsidian/calendar\2025 09.md' to './obsidian/calendar\2025-09.md'
2025-05-07 16:38:12,015 - INFO - Test: Would rename './obsidian/calendar\2025 10.md' to './obsidian/calendar\2025-10.md'
2025-05-07 16:38:12,015 - INFO - Test: Would rename './obsidian/calendar\2025 11.md' to './obsidian/calendar\2025-11.md'
2025-05-07 16:38:12,015 - INFO - Test: Would rename './obsidian/calendar\2025 12.md' to './obsidian/calendar\2025-12.md'
2025-05-07 16:38:12,015 - INFO - File renaming process completed.
2025-05-07 16:38:59,517 - INFO - Starting file renaming in directory: ./obsidian/calendar
2025-05-07 16:38:59,517 - INFO - Test mode is OFF
2025-05-07 16:38:59,518 - INFO - Renamed './obsidian/calendar\2024 08 07.md' to './obsidian/calendar\2024-08-07.md'
2025-05-07 16:38:59,529 - INFO - Renamed './obsidian/calendar\2024 08 18.md' to './obsidian/calendar\2024-08-18.md'
2025-05-07 16:38:59,530 - INFO - Renamed './obsidian/calendar\2024 08 19.md' to './obsidian/calendar\2024-08-19.md'
2025-05-07 16:38:59,531 - INFO - Renamed './obsidian/calendar\2024 08 20.md' to './obsidian/calendar\2024-08-20.md'
2025-05-07 16:38:59,532 - INFO - Renamed './obsidian/calendar\2024 08 21.md' to './obsidian/calendar\2024-08-21.md'
2025-05-07 16:38:59,533 - INFO - Renamed './obsidian/calendar\2024 08 22.md' to './obsidian/calendar\2024-08-22.md'
2025-05-07 16:38:59,533 - INFO - Renamed './obsidian/calendar\2024 08 23.md' to './obsidian/calendar\2024-08-23.md'
2025-05-07 16:38:59,534 - INFO - Renamed './obsidian/calendar\2024 08 24.md' to './obsidian/calendar\2024-08-24.md'
2025-05-07 16:38:59,535 - INFO - Renamed './obsidian/calendar\2024 08 26.md' to './obsidian/calendar\2024-08-26.md'
2025-05-07 16:38:59,536 - INFO - Renamed './obsidian/calendar\2024 08 27.md' to './obsidian/calendar\2024-08-27.md'
2025-05-07 16:38:59,536 - INFO - Renamed './obsidian/calendar\2024 08 28.md' to './obsidian/calendar\2024-08-28.md'
2025-05-07 16:38:59,537 - INFO - Renamed './obsidian/calendar\2024 08 29.md' to './obsidian/calendar\2024-08-29.md'
2025-05-07 16:38:59,538 - INFO - Renamed './obsidian/calendar\2024 08 30.md' to './obsidian/calendar\2024-08-30.md'
2025-05-07 16:38:59,539 - INFO - Renamed './obsidian/calendar\2024 08 31.md' to './obsidian/calendar\2024-08-31.md'
2025-05-07 16:38:59,539 - INFO - Renamed './obsidian/calendar\2024 08.md' to './obsidian/calendar\2024-08.md'
2025-05-07 16:38:59,540 - INFO - Renamed './obsidian/calendar\2024 09 01.md' to './obsidian/calendar\2024-09-01.md'
2025-05-07 16:38:59,541 - INFO - Renamed './obsidian/calendar\2024 09 02.md' to './obsidian/calendar\2024-09-02.md'
2025-05-07 16:38:59,542 - INFO - Renamed './obsidian/calendar\2024 09 03.md' to './obsidian/calendar\2024-09-03.md'
2025-05-07 16:38:59,543 - INFO - Renamed './obsidian/calendar\2024 09 05.md' to './obsidian/calendar\2024-09-05.md'
2025-05-07 16:38:59,543 - INFO - Renamed './obsidian/calendar\2024 09 06.md' to './obsidian/calendar\2024-09-06.md'
2025-05-07 16:38:59,544 - INFO - Renamed './obsidian/calendar\2024 09 07.md' to './obsidian/calendar\2024-09-07.md'
2025-05-07 16:38:59,545 - INFO - Renamed './obsidian/calendar\2024 09 08.md' to './obsidian/calendar\2024-09-08.md'
2025-05-07 16:38:59,546 - INFO - Renamed './obsidian/calendar\2024 09 09.md' to './obsidian/calendar\2024-09-09.md'
2025-05-07 16:38:59,547 - INFO - Renamed './obsidian/calendar\2024 09 10.md' to './obsidian/calendar\2024-09-10.md'
2025-05-07 16:38:59,548 - INFO - Renamed './obsidian/calendar\2024 09 11.md' to './obsidian/calendar\2024-09-11.md'
2025-05-07 16:38:59,549 - INFO - Renamed './obsidian/calendar\2024 09 12.md' to './obsidian/calendar\2024-09-12.md'
2025-05-07 16:38:59,550 - INFO - Renamed './obsidian/calendar\2024 09 15.md' to './obsidian/calendar\2024-09-15.md'
2025-05-07 16:38:59,551 - INFO - Renamed './obsidian/calendar\2024 09 16.md' to './obsidian/calendar\2024-09-16.md'
2025-05-07 16:38:59,551 - INFO - Renamed './obsidian/calendar\2024 09 22.md' to './obsidian/calendar\2024-09-22.md'
2025-05-07 16:38:59,552 - INFO - Renamed './obsidian/calendar\2024 09 26.md' to './obsidian/calendar\2024-09-26.md'
2025-05-07 16:38:59,553 - INFO - Renamed './obsidian/calendar\2024 09 27.md' to './obsidian/calendar\2024-09-27.md'
2025-05-07 16:38:59,553 - INFO - Renamed './obsidian/calendar\2024 09 30.md' to './obsidian/calendar\2024-09-30.md'
2025-05-07 16:38:59,554 - INFO - Renamed './obsidian/calendar\2024 09.md' to './obsidian/calendar\2024-09.md'
2025-05-07 16:38:59,555 - INFO - Renamed './obsidian/calendar\2024 10 02.md' to './obsidian/calendar\2024-10-02.md'
2025-05-07 16:38:59,556 - INFO - Renamed './obsidian/calendar\2024 10 03.md' to './obsidian/calendar\2024-10-03.md'
2025-05-07 16:38:59,557 - INFO - Renamed './obsidian/calendar\2024 10 04.md' to './obsidian/calendar\2024-10-04.md'
2025-05-07 16:38:59,557 - INFO - Renamed './obsidian/calendar\2024 10 05.md' to './obsidian/calendar\2024-10-05.md'
2025-05-07 16:38:59,558 - INFO - Renamed './obsidian/calendar\2024 10 11.md' to './obsidian/calendar\2024-10-11.md'
2025-05-07 16:38:59,559 - INFO - Renamed './obsidian/calendar\2024 10 12.md' to './obsidian/calendar\2024-10-12.md'
2025-05-07 16:38:59,560 - INFO - Renamed './obsidian/calendar\2024 10 13.md' to './obsidian/calendar\2024-10-13.md'
2025-05-07 16:38:59,561 - INFO - Renamed './obsidian/calendar\2024 10 14.md' to './obsidian/calendar\2024-10-14.md'
2025-05-07 16:38:59,562 - INFO - Renamed './obsidian/calendar\2024 10 16.md' to './obsidian/calendar\2024-10-16.md'
2025-05-07 16:38:59,563 - INFO - Renamed './obsidian/calendar\2024 10 21.md' to './obsidian/calendar\2024-10-21.md'
2025-05-07 16:38:59,564 - INFO - Renamed './obsidian/calendar\2024 10 22.md' to './obsidian/calendar\2024-10-22.md'
2025-05-07 16:38:59,564 - INFO - Renamed './obsidian/calendar\2024 10 24.md' to './obsidian/calendar\2024-10-24.md'
2025-05-07 16:38:59,565 - INFO - Renamed './obsidian/calendar\2024 10 25.md' to './obsidian/calendar\2024-10-25.md'
2025-05-07 16:38:59,566 - INFO - Renamed './obsidian/calendar\2024 10 26.md' to './obsidian/calendar\2024-10-26.md'
2025-05-07 16:38:59,567 - INFO - Renamed './obsidian/calendar\2024 10 27.md' to './obsidian/calendar\2024-10-27.md'
2025-05-07 16:38:59,568 - INFO - Renamed './obsidian/calendar\2024 10 28.md' to './obsidian/calendar\2024-10-28.md'
2025-05-07 16:38:59,568 - INFO - Renamed './obsidian/calendar\2024 10 31.md' to './obsidian/calendar\2024-10-31.md'
2025-05-07 16:38:59,569 - INFO - Renamed './obsidian/calendar\2024 10.md' to './obsidian/calendar\2024-10.md'
2025-05-07 16:38:59,570 - INFO - Renamed './obsidian/calendar\2024 11 06.md' to './obsidian/calendar\2024-11-06.md'
2025-05-07 16:38:59,571 - INFO - Renamed './obsidian/calendar\2024 11 12.md' to './obsidian/calendar\2024-11-12.md'
2025-05-07 16:38:59,572 - INFO - Renamed './obsidian/calendar\2024 11 19.md' to './obsidian/calendar\2024-11-19.md'
2025-05-07 16:38:59,572 - INFO - Renamed './obsidian/calendar\2024 11 21.md' to './obsidian/calendar\2024-11-21.md'
2025-05-07 16:38:59,573 - INFO - Renamed './obsidian/calendar\2024 11.md' to './obsidian/calendar\2024-11.md'
2025-05-07 16:38:59,574 - INFO - Renamed './obsidian/calendar\2024 12 09.md' to './obsidian/calendar\2024-12-09.md'
2025-05-07 16:38:59,575 - INFO - Renamed './obsidian/calendar\2024 12.md' to './obsidian/calendar\2024-12.md'
2025-05-07 16:38:59,576 - INFO - Renamed './obsidian/calendar\2025 01 04.md' to './obsidian/calendar\2025-01-04.md'
2025-05-07 16:38:59,577 - INFO - Renamed './obsidian/calendar\2025 01 07.md' to './obsidian/calendar\2025-01-07.md'
2025-05-07 16:38:59,578 - INFO - Renamed './obsidian/calendar\2025 01 24.md' to './obsidian/calendar\2025-01-24.md'
2025-05-07 16:38:59,579 - INFO - Renamed './obsidian/calendar\2025 01.md' to './obsidian/calendar\2025-01.md'
2025-05-07 16:38:59,580 - INFO - Renamed './obsidian/calendar\2025 02 12.md' to './obsidian/calendar\2025-02-12.md'
2025-05-07 16:38:59,581 - INFO - Renamed './obsidian/calendar\2025 02 25.md' to './obsidian/calendar\2025-02-25.md'
2025-05-07 16:38:59,581 - INFO - Renamed './obsidian/calendar\2025 02 26.md' to './obsidian/calendar\2025-02-26.md'
2025-05-07 16:38:59,582 - INFO - Renamed './obsidian/calendar\2025 02 27.md' to './obsidian/calendar\2025-02-27.md'
2025-05-07 16:38:59,583 - INFO - Renamed './obsidian/calendar\2025 02 28.md' to './obsidian/calendar\2025-02-28.md'
2025-05-07 16:38:59,584 - INFO - Renamed './obsidian/calendar\2025 02.md' to './obsidian/calendar\2025-02.md'
2025-05-07 16:38:59,585 - INFO - Renamed './obsidian/calendar\2025 03 01.md' to './obsidian/calendar\2025-03-01.md'
2025-05-07 16:38:59,586 - INFO - Renamed './obsidian/calendar\2025 03 02.md' to './obsidian/calendar\2025-03-02.md'
2025-05-07 16:38:59,587 - INFO - Renamed './obsidian/calendar\2025 03 03.md' to './obsidian/calendar\2025-03-03.md'
2025-05-07 16:38:59,588 - INFO - Renamed './obsidian/calendar\2025 03 04.md' to './obsidian/calendar\2025-03-04.md'
2025-05-07 16:38:59,588 - INFO - Renamed './obsidian/calendar\2025 03 05.md' to './obsidian/calendar\2025-03-05.md'
2025-05-07 16:38:59,589 - INFO - Renamed './obsidian/calendar\2025 03 06.md' to './obsidian/calendar\2025-03-06.md'
2025-05-07 16:38:59,590 - INFO - Renamed './obsidian/calendar\2025 03 09.md' to './obsidian/calendar\2025-03-09.md'
2025-05-07 16:38:59,591 - INFO - Renamed './obsidian/calendar\2025 03 10.md' to './obsidian/calendar\2025-03-10.md'
2025-05-07 16:38:59,592 - INFO - Renamed './obsidian/calendar\2025 03 11.md' to './obsidian/calendar\2025-03-11.md'
2025-05-07 16:38:59,592 - INFO - Renamed './obsidian/calendar\2025 03 20.md' to './obsidian/calendar\2025-03-20.md'
2025-05-07 16:38:59,593 - INFO - Renamed './obsidian/calendar\2025 03 21.md' to './obsidian/calendar\2025-03-21.md'
2025-05-07 16:38:59,594 - INFO - Renamed './obsidian/calendar\2025 03 22.md' to './obsidian/calendar\2025-03-22.md'
2025-05-07 16:38:59,595 - INFO - Renamed './obsidian/calendar\2025 03 25.md' to './obsidian/calendar\2025-03-25.md'
2025-05-07 16:38:59,596 - INFO - Renamed './obsidian/calendar\2025 03 30.md' to './obsidian/calendar\2025-03-30.md'
2025-05-07 16:38:59,597 - INFO - Renamed './obsidian/calendar\2025 03 31.md' to './obsidian/calendar\2025-03-31.md'
2025-05-07 16:38:59,598 - INFO - Renamed './obsidian/calendar\2025 03.md' to './obsidian/calendar\2025-03.md'
2025-05-07 16:38:59,599 - INFO - Renamed './obsidian/calendar\2025 04 02.md' to './obsidian/calendar\2025-04-02.md'
2025-05-07 16:38:59,600 - INFO - Renamed './obsidian/calendar\2025 04 07.md' to './obsidian/calendar\2025-04-07.md'
2025-05-07 16:38:59,601 - INFO - Renamed './obsidian/calendar\2025 04 08.md' to './obsidian/calendar\2025-04-08.md'
2025-05-07 16:38:59,602 - INFO - Renamed './obsidian/calendar\2025 04 10.md' to './obsidian/calendar\2025-04-10.md'
2025-05-07 16:38:59,602 - INFO - Renamed './obsidian/calendar\2025 04 11.md' to './obsidian/calendar\2025-04-11.md'
2025-05-07 16:38:59,603 - INFO - Renamed './obsidian/calendar\2025 04 12.md' to './obsidian/calendar\2025-04-12.md'
2025-05-07 16:38:59,604 - INFO - Renamed './obsidian/calendar\2025 04 13.md' to './obsidian/calendar\2025-04-13.md'
2025-05-07 16:38:59,605 - INFO - Renamed './obsidian/calendar\2025 04 14.md' to './obsidian/calendar\2025-04-14.md'
2025-05-07 16:38:59,606 - INFO - Renamed './obsidian/calendar\2025 04 16.md' to './obsidian/calendar\2025-04-16.md'
2025-05-07 16:38:59,607 - INFO - Renamed './obsidian/calendar\2025 04 21.md' to './obsidian/calendar\2025-04-21.md'
2025-05-07 16:38:59,607 - INFO - Renamed './obsidian/calendar\2025 04 22.md' to './obsidian/calendar\2025-04-22.md'
2025-05-07 16:38:59,608 - INFO - Renamed './obsidian/calendar\2025 04 23.md' to './obsidian/calendar\2025-04-23.md'
2025-05-07 16:38:59,609 - INFO - Renamed './obsidian/calendar\2025 04 24.md' to './obsidian/calendar\2025-04-24.md'
2025-05-07 16:38:59,610 - INFO - Renamed './obsidian/calendar\2025 04 25.md' to './obsidian/calendar\2025-04-25.md'
2025-05-07 16:38:59,611 - INFO - Renamed './obsidian/calendar\2025 04 26.md' to './obsidian/calendar\2025-04-26.md'
2025-05-07 16:38:59,612 - INFO - Renamed './obsidian/calendar\2025 04 28.md' to './obsidian/calendar\2025-04-28.md'
2025-05-07 16:38:59,613 - INFO - Renamed './obsidian/calendar\2025 04.md' to './obsidian/calendar\2025-04.md'
2025-05-07 16:38:59,614 - INFO - Renamed './obsidian/calendar\2025 05.md' to './obsidian/calendar\2025-05.md'
2025-05-07 16:38:59,614 - INFO - Renamed './obsidian/calendar\2025 06.md' to './obsidian/calendar\2025-06.md'
2025-05-07 16:38:59,615 - INFO - Renamed './obsidian/calendar\2025 07.md' to './obsidian/calendar\2025-07.md'
2025-05-07 16:38:59,616 - INFO - Renamed './obsidian/calendar\2025 08.md' to './obsidian/calendar\2025-08.md'
2025-05-07 16:38:59,616 - INFO - Renamed './obsidian/calendar\2025 09.md' to './obsidian/calendar\2025-09.md'
2025-05-07 16:38:59,617 - INFO - Renamed './obsidian/calendar\2025 10.md' to './obsidian/calendar\2025-10.md'
2025-05-07 16:38:59,618 - INFO - Renamed './obsidian/calendar\2025 11.md' to './obsidian/calendar\2025-11.md'
2025-05-07 16:38:59,619 - INFO - Renamed './obsidian/calendar\2025 12.md' to './obsidian/calendar\2025-12.md'
2025-05-07 16:38:59,619 - INFO - File renaming process completed.
2025-05-07 16:43:16,036 - INFO - Starting file renaming in directory: ./obsidian/calendar
2025-05-07 16:43:16,037 - INFO - Test mode is OFF
2025-05-07 16:43:16,038 - INFO - Renamed './obsidian/calendar\2024 08 07.md' to './obsidian/calendar\2024-08-07.md'
2025-05-07 16:43:16,038 - INFO - Renamed './obsidian/calendar\2024 08 18.md' to './obsidian/calendar\2024-08-18.md'
2025-05-07 16:43:16,039 - INFO - Renamed './obsidian/calendar\2024 08 19.md' to './obsidian/calendar\2024-08-19.md'
2025-05-07 16:43:16,039 - INFO - Renamed './obsidian/calendar\2024 08 20.md' to './obsidian/calendar\2024-08-20.md'
2025-05-07 16:43:16,040 - INFO - Renamed './obsidian/calendar\2024 08 21.md' to './obsidian/calendar\2024-08-21.md'
2025-05-07 16:43:16,040 - INFO - Renamed './obsidian/calendar\2024 08 22.md' to './obsidian/calendar\2024-08-22.md'
2025-05-07 16:43:16,041 - INFO - Renamed './obsidian/calendar\2024 08 23.md' to './obsidian/calendar\2024-08-23.md'
2025-05-07 16:43:16,041 - INFO - Renamed './obsidian/calendar\2024 08 24.md' to './obsidian/calendar\2024-08-24.md'
2025-05-07 16:43:16,042 - INFO - Renamed './obsidian/calendar\2024 08 26.md' to './obsidian/calendar\2024-08-26.md'
2025-05-07 16:43:16,042 - INFO - Renamed './obsidian/calendar\2024 08 27.md' to './obsidian/calendar\2024-08-27.md'
2025-05-07 16:43:16,043 - INFO - Renamed './obsidian/calendar\2024 08 28.md' to './obsidian/calendar\2024-08-28.md'
2025-05-07 16:43:16,043 - INFO - Renamed './obsidian/calendar\2024 08 29.md' to './obsidian/calendar\2024-08-29.md'
2025-05-07 16:43:16,044 - INFO - Renamed './obsidian/calendar\2024 08 30.md' to './obsidian/calendar\2024-08-30.md'
2025-05-07 16:43:16,044 - INFO - Renamed './obsidian/calendar\2024 08 31.md' to './obsidian/calendar\2024-08-31.md'
2025-05-07 16:43:16,045 - INFO - Renamed './obsidian/calendar\2024 08.md' to './obsidian/calendar\2024-08.md'
2025-05-07 16:43:16,045 - INFO - Renamed './obsidian/calendar\2024 09 01.md' to './obsidian/calendar\2024-09-01.md'
2025-05-07 16:43:16,045 - INFO - Renamed './obsidian/calendar\2024 09 02.md' to './obsidian/calendar\2024-09-02.md'
2025-05-07 16:43:16,046 - INFO - Renamed './obsidian/calendar\2024 09 03.md' to './obsidian/calendar\2024-09-03.md'
2025-05-07 16:43:16,046 - INFO - Renamed './obsidian/calendar\2024 09 05.md' to './obsidian/calendar\2024-09-05.md'
2025-05-07 16:43:16,047 - INFO - Renamed './obsidian/calendar\2024 09 06.md' to './obsidian/calendar\2024-09-06.md'
2025-05-07 16:43:16,047 - INFO - Renamed './obsidian/calendar\2024 09 07.md' to './obsidian/calendar\2024-09-07.md'
2025-05-07 16:43:16,047 - INFO - Renamed './obsidian/calendar\2024 09 08.md' to './obsidian/calendar\2024-09-08.md'
2025-05-07 16:43:16,048 - INFO - Renamed './obsidian/calendar\2024 09 09.md' to './obsidian/calendar\2024-09-09.md'
2025-05-07 16:43:16,048 - INFO - Renamed './obsidian/calendar\2024 09 10.md' to './obsidian/calendar\2024-09-10.md'
2025-05-07 16:43:16,049 - INFO - Renamed './obsidian/calendar\2024 09 11.md' to './obsidian/calendar\2024-09-11.md'
2025-05-07 16:43:16,050 - INFO - Renamed './obsidian/calendar\2024 09 12.md' to './obsidian/calendar\2024-09-12.md'
2025-05-07 16:43:16,050 - INFO - Renamed './obsidian/calendar\2024 09 15.md' to './obsidian/calendar\2024-09-15.md'
2025-05-07 16:43:16,051 - INFO - Renamed './obsidian/calendar\2024 09 16.md' to './obsidian/calendar\2024-09-16.md'
2025-05-07 16:43:16,051 - INFO - Renamed './obsidian/calendar\2024 09 22.md' to './obsidian/calendar\2024-09-22.md'
2025-05-07 16:43:16,051 - INFO - Renamed './obsidian/calendar\2024 09 26.md' to './obsidian/calendar\2024-09-26.md'
2025-05-07 16:43:16,052 - INFO - Renamed './obsidian/calendar\2024 09 27.md' to './obsidian/calendar\2024-09-27.md'
2025-05-07 16:43:16,052 - INFO - Renamed './obsidian/calendar\2024 09 30.md' to './obsidian/calendar\2024-09-30.md'
2025-05-07 16:43:16,053 - INFO - Renamed './obsidian/calendar\2024 09.md' to './obsidian/calendar\2024-09.md'
2025-05-07 16:43:16,053 - INFO - Renamed './obsidian/calendar\2024 10 02.md' to './obsidian/calendar\2024-10-02.md'
2025-05-07 16:43:16,053 - INFO - Renamed './obsidian/calendar\2024 10 03.md' to './obsidian/calendar\2024-10-03.md'
2025-05-07 16:43:16,054 - INFO - Renamed './obsidian/calendar\2024 10 04.md' to './obsidian/calendar\2024-10-04.md'
2025-05-07 16:43:16,054 - INFO - Renamed './obsidian/calendar\2024 10 05.md' to './obsidian/calendar\2024-10-05.md'
2025-05-07 16:43:16,055 - INFO - Renamed './obsidian/calendar\2024 10 11.md' to './obsidian/calendar\2024-10-11.md'
2025-05-07 16:43:16,055 - INFO - Renamed './obsidian/calendar\2024 10 12.md' to './obsidian/calendar\2024-10-12.md'
2025-05-07 16:43:16,056 - INFO - Renamed './obsidian/calendar\2024 10 13.md' to './obsidian/calendar\2024-10-13.md'
2025-05-07 16:43:16,056 - INFO - Renamed './obsidian/calendar\2024 10 14.md' to './obsidian/calendar\2024-10-14.md'
2025-05-07 16:43:16,056 - INFO - Renamed './obsidian/calendar\2024 10 16.md' to './obsidian/calendar\2024-10-16.md'
2025-05-07 16:43:16,057 - INFO - Renamed './obsidian/calendar\2024 10 21.md' to './obsidian/calendar\2024-10-21.md'
2025-05-07 16:43:16,057 - INFO - Renamed './obsidian/calendar\2024 10 22.md' to './obsidian/calendar\2024-10-22.md'
2025-05-07 16:43:16,057 - INFO - Renamed './obsidian/calendar\2024 10 24.md' to './obsidian/calendar\2024-10-24.md'
2025-05-07 16:43:16,058 - INFO - Renamed './obsidian/calendar\2024 10 25.md' to './obsidian/calendar\2024-10-25.md'
2025-05-07 16:43:16,058 - INFO - Renamed './obsidian/calendar\2024 10 26.md' to './obsidian/calendar\2024-10-26.md'
2025-05-07 16:43:16,059 - INFO - Renamed './obsidian/calendar\2024 10 27.md' to './obsidian/calendar\2024-10-27.md'
2025-05-07 16:43:16,059 - INFO - Renamed './obsidian/calendar\2024 10 28.md' to './obsidian/calendar\2024-10-28.md'
2025-05-07 16:43:16,059 - INFO - Renamed './obsidian/calendar\2024 10 31.md' to './obsidian/calendar\2024-10-31.md'
2025-05-07 16:43:16,060 - INFO - Renamed './obsidian/calendar\2024 10.md' to './obsidian/calendar\2024-10.md'
2025-05-07 16:43:16,060 - INFO - Renamed './obsidian/calendar\2024 11 06.md' to './obsidian/calendar\2024-11-06.md'
2025-05-07 16:43:16,061 - INFO - Renamed './obsidian/calendar\2024 11 12.md' to './obsidian/calendar\2024-11-12.md'
2025-05-07 16:43:16,061 - INFO - Renamed './obsidian/calendar\2024 11 19.md' to './obsidian/calendar\2024-11-19.md'
2025-05-07 16:43:16,062 - INFO - Renamed './obsidian/calendar\2024 11 21.md' to './obsidian/calendar\2024-11-21.md'
2025-05-07 16:43:16,062 - INFO - Renamed './obsidian/calendar\2024 11.md' to './obsidian/calendar\2024-11.md'
2025-05-07 16:43:16,062 - INFO - Renamed './obsidian/calendar\2024 12 09.md' to './obsidian/calendar\2024-12-09.md'
2025-05-07 16:43:16,063 - INFO - Renamed './obsidian/calendar\2024 12.md' to './obsidian/calendar\2024-12.md'
2025-05-07 16:43:16,064 - INFO - Renamed './obsidian/calendar\2025 01 04.md' to './obsidian/calendar\2025-01-04.md'
2025-05-07 16:43:16,064 - INFO - Renamed './obsidian/calendar\2025 01 07.md' to './obsidian/calendar\2025-01-07.md'
2025-05-07 16:43:16,064 - INFO - Renamed './obsidian/calendar\2025 01 24.md' to './obsidian/calendar\2025-01-24.md'
2025-05-07 16:43:16,065 - INFO - Renamed './obsidian/calendar\2025 01.md' to './obsidian/calendar\2025-01.md'
2025-05-07 16:43:16,066 - INFO - Renamed './obsidian/calendar\2025 02 12.md' to './obsidian/calendar\2025-02-12.md'
2025-05-07 16:43:16,066 - INFO - Renamed './obsidian/calendar\2025 02 25.md' to './obsidian/calendar\2025-02-25.md'
2025-05-07 16:43:16,067 - INFO - Renamed './obsidian/calendar\2025 02 26.md' to './obsidian/calendar\2025-02-26.md'
2025-05-07 16:43:16,067 - INFO - Renamed './obsidian/calendar\2025 02 27.md' to './obsidian/calendar\2025-02-27.md'
2025-05-07 16:43:16,067 - INFO - Renamed './obsidian/calendar\2025 02 28.md' to './obsidian/calendar\2025-02-28.md'
2025-05-07 16:43:16,068 - INFO - Renamed './obsidian/calendar\2025 02.md' to './obsidian/calendar\2025-02.md'
2025-05-07 16:43:16,069 - INFO - Renamed './obsidian/calendar\2025 03 01.md' to './obsidian/calendar\2025-03-01.md'
2025-05-07 16:43:16,069 - INFO - Renamed './obsidian/calendar\2025 03 02.md' to './obsidian/calendar\2025-03-02.md'
2025-05-07 16:43:16,069 - INFO - Renamed './obsidian/calendar\2025 03 03.md' to './obsidian/calendar\2025-03-03.md'
2025-05-07 16:43:16,070 - INFO - Renamed './obsidian/calendar\2025 03 04.md' to './obsidian/calendar\2025-03-04.md'
2025-05-07 16:43:16,070 - INFO - Renamed './obsidian/calendar\2025 03 05.md' to './obsidian/calendar\2025-03-05.md'
2025-05-07 16:43:16,071 - INFO - Renamed './obsidian/calendar\2025 03 06.md' to './obsidian/calendar\2025-03-06.md'
2025-05-07 16:43:16,080 - INFO - Renamed './obsidian/calendar\2025 03 09.md' to './obsidian/calendar\2025-03-09.md'
2025-05-07 16:43:16,080 - INFO - Renamed './obsidian/calendar\2025 03 10.md' to './obsidian/calendar\2025-03-10.md'
2025-05-07 16:43:16,081 - INFO - Renamed './obsidian/calendar\2025 03 11.md' to './obsidian/calendar\2025-03-11.md'
2025-05-07 16:43:16,081 - INFO - Renamed './obsidian/calendar\2025 03 20.md' to './obsidian/calendar\2025-03-20.md'
2025-05-07 16:43:16,082 - INFO - Renamed './obsidian/calendar\2025 03 21.md' to './obsidian/calendar\2025-03-21.md'
2025-05-07 16:43:16,082 - INFO - Renamed './obsidian/calendar\2025 03 22.md' to './obsidian/calendar\2025-03-22.md'
2025-05-07 16:43:16,083 - INFO - Renamed './obsidian/calendar\2025 03 25.md' to './obsidian/calendar\2025-03-25.md'
2025-05-07 16:43:16,083 - INFO - Renamed './obsidian/calendar\2025 03 30.md' to './obsidian/calendar\2025-03-30.md'
2025-05-07 16:43:16,083 - INFO - Renamed './obsidian/calendar\2025 03 31.md' to './obsidian/calendar\2025-03-31.md'
2025-05-07 16:43:16,084 - INFO - Renamed './obsidian/calendar\2025 03.md' to './obsidian/calendar\2025-03.md'
2025-05-07 16:43:16,084 - INFO - Renamed './obsidian/calendar\2025 04 02.md' to './obsidian/calendar\2025-04-02.md'
2025-05-07 16:43:16,085 - INFO - Renamed './obsidian/calendar\2025 04 07.md' to './obsidian/calendar\2025-04-07.md'
2025-05-07 16:43:16,085 - INFO - Renamed './obsidian/calendar\2025 04 08.md' to './obsidian/calendar\2025-04-08.md'
2025-05-07 16:43:16,085 - INFO - Renamed './obsidian/calendar\2025 04 10.md' to './obsidian/calendar\2025-04-10.md'
2025-05-07 16:43:16,086 - INFO - Renamed './obsidian/calendar\2025 04 11.md' to './obsidian/calendar\2025-04-11.md'
2025-05-07 16:43:16,086 - INFO - Renamed './obsidian/calendar\2025 04 12.md' to './obsidian/calendar\2025-04-12.md'
2025-05-07 16:43:16,087 - INFO - Renamed './obsidian/calendar\2025 04 13.md' to './obsidian/calendar\2025-04-13.md'
2025-05-07 16:43:16,087 - INFO - Renamed './obsidian/calendar\2025 04 14.md' to './obsidian/calendar\2025-04-14.md'
2025-05-07 16:43:16,087 - INFO - Renamed './obsidian/calendar\2025 04 16.md' to './obsidian/calendar\2025-04-16.md'
2025-05-07 16:43:16,088 - INFO - Renamed './obsidian/calendar\2025 04 21.md' to './obsidian/calendar\2025-04-21.md'
2025-05-07 16:43:16,088 - INFO - Renamed './obsidian/calendar\2025 04 22.md' to './obsidian/calendar\2025-04-22.md'
2025-05-07 16:43:16,089 - INFO - Renamed './obsidian/calendar\2025 04 23.md' to './obsidian/calendar\2025-04-23.md'
2025-05-07 16:43:16,089 - INFO - Renamed './obsidian/calendar\2025 04 24.md' to './obsidian/calendar\2025-04-24.md'
2025-05-07 16:43:16,089 - INFO - Renamed './obsidian/calendar\2025 04 25.md' to './obsidian/calendar\2025-04-25.md'
2025-05-07 16:43:16,090 - INFO - Renamed './obsidian/calendar\2025 04 26.md' to './obsidian/calendar\2025-04-26.md'
2025-05-07 16:43:16,090 - INFO - Renamed './obsidian/calendar\2025 04 28.md' to './obsidian/calendar\2025-04-28.md'
2025-05-07 16:43:16,091 - INFO - Renamed './obsidian/calendar\2025 04.md' to './obsidian/calendar\2025-04.md'
2025-05-07 16:43:16,091 - INFO - Renamed './obsidian/calendar\2025 05.md' to './obsidian/calendar\2025-05.md'
2025-05-07 16:43:16,091 - INFO - Renamed './obsidian/calendar\2025 06.md' to './obsidian/calendar\2025-06.md'
2025-05-07 16:43:16,091 - INFO - Renamed './obsidian/calendar\2025 07.md' to './obsidian/calendar\2025-07.md'
2025-05-07 16:43:16,092 - INFO - Renamed './obsidian/calendar\2025 08.md' to './obsidian/calendar\2025-08.md'
2025-05-07 16:43:16,092 - INFO - Renamed './obsidian/calendar\2025 09.md' to './obsidian/calendar\2025-09.md'
2025-05-07 16:43:16,093 - INFO - Renamed './obsidian/calendar\2025 10.md' to './obsidian/calendar\2025-10.md'
2025-05-07 16:43:16,093 - INFO - Renamed './obsidian/calendar\2025 11.md' to './obsidian/calendar\2025-11.md'
2025-05-07 16:43:16,094 - INFO - Renamed './obsidian/calendar\2025 12.md' to './obsidian/calendar\2025-12.md'
2025-05-07 16:43:16,094 - INFO - File renaming process completed.
2025-05-07 16:43:16,094 - INFO - Starting reference updates in directory: ./obsidian
2025-05-07 16:43:16,094 - INFO - Test mode is OFF
2025-05-07 16:43:16,331 - INFO - Reference update process completed.
2025-05-07 17:25:21,861 - INFO - Starting file renaming in directory: E:/Brains/Dad/calendar
2025-05-07 17:25:21,861 - INFO - Test mode is OFF
2025-05-07 17:25:21,863 - INFO - Renamed 'E:/Brains/Dad/calendar\2024 08 07.md' to 'E:/Brains/Dad/calendar\2024-08-07.md'
2025-05-07 17:25:21,864 - INFO - Renamed 'E:/Brains/Dad/calendar\2024 08 18.md' to 'E:/Brains/Dad/calendar\2024-08-18.md'
2025-05-07 17:25:21,864 - INFO - Renamed 'E:/Brains/Dad/calendar\2024 08 19.md' to 'E:/Brains/Dad/calendar\2024-08-19.md'
2025-05-07 17:25:21,865 - INFO - Renamed 'E:/Brains/Dad/calendar\2024 08 20.md' to 'E:/Brains/Dad/calendar\2024-08-20.md'
2025-05-07 17:25:21,865 - INFO - Renamed 'E:/Brains/Dad/calendar\2024 08 21.md' to 'E:/Brains/Dad/calendar\2024-08-21.md'
2025-05-07 17:25:21,866 - INFO - Renamed 'E:/Brains/Dad/calendar\2024 08 22.md' to 'E:/Brains/Dad/calendar\2024-08-22.md'
2025-05-07 17:25:21,866 - INFO - Renamed 'E:/Brains/Dad/calendar\2024 08 23.md' to 'E:/Brains/Dad/calendar\2024-08-23.md'
2025-05-07 17:25:21,867 - INFO - Renamed 'E:/Brains/Dad/calendar\2024 08 24.md' to 'E:/Brains/Dad/calendar\2024-08-24.md'
2025-05-07 17:25:21,867 - INFO - Renamed 'E:/Brains/Dad/calendar\2024 08 26.md' to 'E:/Brains/Dad/calendar\2024-08-26.md'
2025-05-07 17:25:21,867 - INFO - Renamed 'E:/Brains/Dad/calendar\2024 08 27.md' to 'E:/Brains/Dad/calendar\2024-08-27.md'
2025-05-07 17:25:21,868 - INFO - Renamed 'E:/Brains/Dad/calendar\2024 08 28.md' to 'E:/Brains/Dad/calendar\2024-08-28.md'
2025-05-07 17:25:21,868 - INFO - Renamed 'E:/Brains/Dad/calendar\2024 08 29.md' to 'E:/Brains/Dad/calendar\2024-08-29.md'
2025-05-07 17:25:21,868 - INFO - Renamed 'E:/Brains/Dad/calendar\2024 08 30.md' to 'E:/Brains/Dad/calendar\2024-08-30.md'
2025-05-07 17:25:21,868 - INFO - Renamed 'E:/Brains/Dad/calendar\2024 08 31.md' to 'E:/Brains/Dad/calendar\2024-08-31.md'
2025-05-07 17:25:21,869 - INFO - Renamed 'E:/Brains/Dad/calendar\2024 08.md' to 'E:/Brains/Dad/calendar\2024-08.md'
2025-05-07 17:25:21,869 - INFO - Renamed 'E:/Brains/Dad/calendar\2024 09 01.md' to 'E:/Brains/Dad/calendar\2024-09-01.md'
2025-05-07 17:25:21,869 - INFO - Renamed 'E:/Brains/Dad/calendar\2024 09 02.md' to 'E:/Brains/Dad/calendar\2024-09-02.md'
2025-05-07 17:25:21,870 - INFO - Renamed 'E:/Brains/Dad/calendar\2024 09 03.md' to 'E:/Brains/Dad/calendar\2024-09-03.md'
2025-05-07 17:25:21,870 - INFO - Renamed 'E:/Brains/Dad/calendar\2024 09 05.md' to 'E:/Brains/Dad/calendar\2024-09-05.md'
2025-05-07 17:25:21,870 - INFO - Renamed 'E:/Brains/Dad/calendar\2024 09 06.md' to 'E:/Brains/Dad/calendar\2024-09-06.md'
2025-05-07 17:25:21,871 - INFO - Renamed 'E:/Brains/Dad/calendar\2024 09 07.md' to 'E:/Brains/Dad/calendar\2024-09-07.md'
2025-05-07 17:25:21,871 - INFO - Renamed 'E:/Brains/Dad/calendar\2024 09 08.md' to 'E:/Brains/Dad/calendar\2024-09-08.md'
2025-05-07 17:25:21,872 - INFO - Renamed 'E:/Brains/Dad/calendar\2024 09 09.md' to 'E:/Brains/Dad/calendar\2024-09-09.md'
2025-05-07 17:25:21,872 - INFO - Renamed 'E:/Brains/Dad/calendar\2024 09 10.md' to 'E:/Brains/Dad/calendar\2024-09-10.md'
2025-05-07 17:25:21,872 - INFO - Renamed 'E:/Brains/Dad/calendar\2024 09 11.md' to 'E:/Brains/Dad/calendar\2024-09-11.md'
2025-05-07 17:25:21,873 - INFO - Renamed 'E:/Brains/Dad/calendar\2024 09 12.md' to 'E:/Brains/Dad/calendar\2024-09-12.md'
2025-05-07 17:25:21,873 - INFO - Renamed 'E:/Brains/Dad/calendar\2024 09 15.md' to 'E:/Brains/Dad/calendar\2024-09-15.md'
2025-05-07 17:25:21,874 - INFO - Renamed 'E:/Brains/Dad/calendar\2024 09 16.md' to 'E:/Brains/Dad/calendar\2024-09-16.md'
2025-05-07 17:25:21,874 - INFO - Renamed 'E:/Brains/Dad/calendar\2024 09 22.md' to 'E:/Brains/Dad/calendar\2024-09-22.md'
2025-05-07 17:25:21,875 - INFO - Renamed 'E:/Brains/Dad/calendar\2024 09 26.md' to 'E:/Brains/Dad/calendar\2024-09-26.md'
2025-05-07 17:25:21,875 - INFO - Renamed 'E:/Brains/Dad/calendar\2024 09 27.md' to 'E:/Brains/Dad/calendar\2024-09-27.md'
2025-05-07 17:25:21,875 - INFO - Renamed 'E:/Brains/Dad/calendar\2024 09 30.md' to 'E:/Brains/Dad/calendar\2024-09-30.md'
2025-05-07 17:25:21,876 - INFO - Renamed 'E:/Brains/Dad/calendar\2024 09.md' to 'E:/Brains/Dad/calendar\2024-09.md'
2025-05-07 17:25:21,876 - INFO - Renamed 'E:/Brains/Dad/calendar\2024 10 02.md' to 'E:/Brains/Dad/calendar\2024-10-02.md'
2025-05-07 17:25:21,876 - INFO - Renamed 'E:/Brains/Dad/calendar\2024 10 03.md' to 'E:/Brains/Dad/calendar\2024-10-03.md'
2025-05-07 17:25:21,877 - INFO - Renamed 'E:/Brains/Dad/calendar\2024 10 04.md' to 'E:/Brains/Dad/calendar\2024-10-04.md'
2025-05-07 17:25:21,877 - INFO - Renamed 'E:/Brains/Dad/calendar\2024 10 05.md' to 'E:/Brains/Dad/calendar\2024-10-05.md'
2025-05-07 17:25:21,877 - INFO - Renamed 'E:/Brains/Dad/calendar\2024 10 11.md' to 'E:/Brains/Dad/calendar\2024-10-11.md'
2025-05-07 17:25:21,878 - INFO - Renamed 'E:/Brains/Dad/calendar\2024 10 12.md' to 'E:/Brains/Dad/calendar\2024-10-12.md'
2025-05-07 17:25:21,878 - INFO - Renamed 'E:/Brains/Dad/calendar\2024 10 13.md' to 'E:/Brains/Dad/calendar\2024-10-13.md'
2025-05-07 17:25:21,878 - INFO - Renamed 'E:/Brains/Dad/calendar\2024 10 14.md' to 'E:/Brains/Dad/calendar\2024-10-14.md'
2025-05-07 17:25:21,879 - INFO - Renamed 'E:/Brains/Dad/calendar\2024 10 16.md' to 'E:/Brains/Dad/calendar\2024-10-16.md'
2025-05-07 17:25:21,879 - INFO - Renamed 'E:/Brains/Dad/calendar\2024 10 21.md' to 'E:/Brains/Dad/calendar\2024-10-21.md'
2025-05-07 17:25:21,879 - INFO - Renamed 'E:/Brains/Dad/calendar\2024 10 22.md' to 'E:/Brains/Dad/calendar\2024-10-22.md'
2025-05-07 17:25:21,880 - INFO - Renamed 'E:/Brains/Dad/calendar\2024 10 24.md' to 'E:/Brains/Dad/calendar\2024-10-24.md'
2025-05-07 17:25:21,880 - INFO - Renamed 'E:/Brains/Dad/calendar\2024 10 25.md' to 'E:/Brains/Dad/calendar\2024-10-25.md'
2025-05-07 17:25:21,880 - INFO - Renamed 'E:/Brains/Dad/calendar\2024 10 26.md' to 'E:/Brains/Dad/calendar\2024-10-26.md'
2025-05-07 17:25:21,881 - INFO - Renamed 'E:/Brains/Dad/calendar\2024 10 27.md' to 'E:/Brains/Dad/calendar\2024-10-27.md'
2025-05-07 17:25:21,881 - INFO - Renamed 'E:/Brains/Dad/calendar\2024 10 28.md' to 'E:/Brains/Dad/calendar\2024-10-28.md'
2025-05-07 17:25:21,881 - INFO - Renamed 'E:/Brains/Dad/calendar\2024 10 31.md' to 'E:/Brains/Dad/calendar\2024-10-31.md'
2025-05-07 17:25:21,882 - INFO - Renamed 'E:/Brains/Dad/calendar\2024 10.md' to 'E:/Brains/Dad/calendar\2024-10.md'
2025-05-07 17:25:21,882 - INFO - Renamed 'E:/Brains/Dad/calendar\2024 11 06.md' to 'E:/Brains/Dad/calendar\2024-11-06.md'
2025-05-07 17:25:21,882 - INFO - Renamed 'E:/Brains/Dad/calendar\2024 11 12.md' to 'E:/Brains/Dad/calendar\2024-11-12.md'
2025-05-07 17:25:21,883 - INFO - Renamed 'E:/Brains/Dad/calendar\2024 11 19.md' to 'E:/Brains/Dad/calendar\2024-11-19.md'
2025-05-07 17:25:21,883 - INFO - Renamed 'E:/Brains/Dad/calendar\2024 11 21.md' to 'E:/Brains/Dad/calendar\2024-11-21.md'
2025-05-07 17:25:21,883 - INFO - Renamed 'E:/Brains/Dad/calendar\2024 11.md' to 'E:/Brains/Dad/calendar\2024-11.md'
2025-05-07 17:25:21,884 - INFO - Renamed 'E:/Brains/Dad/calendar\2024 12 09.md' to 'E:/Brains/Dad/calendar\2024-12-09.md'
2025-05-07 17:25:21,884 - INFO - Renamed 'E:/Brains/Dad/calendar\2024 12.md' to 'E:/Brains/Dad/calendar\2024-12.md'
2025-05-07 17:25:21,885 - INFO - Renamed 'E:/Brains/Dad/calendar\2025 01 04.md' to 'E:/Brains/Dad/calendar\2025-01-04.md'
2025-05-07 17:25:21,885 - INFO - Renamed 'E:/Brains/Dad/calendar\2025 01 07.md' to 'E:/Brains/Dad/calendar\2025-01-07.md'
2025-05-07 17:25:21,885 - INFO - Renamed 'E:/Brains/Dad/calendar\2025 01 24.md' to 'E:/Brains/Dad/calendar\2025-01-24.md'
2025-05-07 17:25:21,886 - INFO - Renamed 'E:/Brains/Dad/calendar\2025 01.md' to 'E:/Brains/Dad/calendar\2025-01.md'
2025-05-07 17:25:21,886 - INFO - Renamed 'E:/Brains/Dad/calendar\2025 02 12.md' to 'E:/Brains/Dad/calendar\2025-02-12.md'
2025-05-07 17:25:21,886 - INFO - Renamed 'E:/Brains/Dad/calendar\2025 02 25.md' to 'E:/Brains/Dad/calendar\2025-02-25.md'
2025-05-07 17:25:21,887 - INFO - Renamed 'E:/Brains/Dad/calendar\2025 02 26.md' to 'E:/Brains/Dad/calendar\2025-02-26.md'
2025-05-07 17:25:21,887 - INFO - Renamed 'E:/Brains/Dad/calendar\2025 02 27.md' to 'E:/Brains/Dad/calendar\2025-02-27.md'
2025-05-07 17:25:21,887 - INFO - Renamed 'E:/Brains/Dad/calendar\2025 02 28.md' to 'E:/Brains/Dad/calendar\2025-02-28.md'
2025-05-07 17:25:21,887 - INFO - Renamed 'E:/Brains/Dad/calendar\2025 02.md' to 'E:/Brains/Dad/calendar\2025-02.md'
2025-05-07 17:25:21,888 - INFO - Renamed 'E:/Brains/Dad/calendar\2025 03 01.md' to 'E:/Brains/Dad/calendar\2025-03-01.md'
2025-05-07 17:25:21,888 - INFO - Renamed 'E:/Brains/Dad/calendar\2025 03 02.md' to 'E:/Brains/Dad/calendar\2025-03-02.md'
2025-05-07 17:25:21,888 - INFO - Renamed 'E:/Brains/Dad/calendar\2025 03 03.md' to 'E:/Brains/Dad/calendar\2025-03-03.md'
2025-05-07 17:25:21,889 - INFO - Renamed 'E:/Brains/Dad/calendar\2025 03 04.md' to 'E:/Brains/Dad/calendar\2025-03-04.md'
2025-05-07 17:25:21,889 - INFO - Renamed 'E:/Brains/Dad/calendar\2025 03 05.md' to 'E:/Brains/Dad/calendar\2025-03-05.md'
2025-05-07 17:25:21,890 - INFO - Renamed 'E:/Brains/Dad/calendar\2025 03 06.md' to 'E:/Brains/Dad/calendar\2025-03-06.md'
2025-05-07 17:25:21,890 - INFO - Renamed 'E:/Brains/Dad/calendar\2025 03 09.md' to 'E:/Brains/Dad/calendar\2025-03-09.md'
2025-05-07 17:25:21,890 - INFO - Renamed 'E:/Brains/Dad/calendar\2025 03 10.md' to 'E:/Brains/Dad/calendar\2025-03-10.md'
2025-05-07 17:25:21,890 - INFO - Renamed 'E:/Brains/Dad/calendar\2025 03 11.md' to 'E:/Brains/Dad/calendar\2025-03-11.md'
2025-05-07 17:25:21,891 - INFO - Renamed 'E:/Brains/Dad/calendar\2025 03 20.md' to 'E:/Brains/Dad/calendar\2025-03-20.md'
2025-05-07 17:25:21,891 - INFO - Renamed 'E:/Brains/Dad/calendar\2025 03 21.md' to 'E:/Brains/Dad/calendar\2025-03-21.md'
2025-05-07 17:25:21,891 - INFO - Renamed 'E:/Brains/Dad/calendar\2025 03 22.md' to 'E:/Brains/Dad/calendar\2025-03-22.md'
2025-05-07 17:25:21,892 - INFO - Renamed 'E:/Brains/Dad/calendar\2025 03 25.md' to 'E:/Brains/Dad/calendar\2025-03-25.md'
2025-05-07 17:25:21,892 - INFO - Renamed 'E:/Brains/Dad/calendar\2025 03 30.md' to 'E:/Brains/Dad/calendar\2025-03-30.md'
2025-05-07 17:25:21,892 - INFO - Renamed 'E:/Brains/Dad/calendar\2025 03 31.md' to 'E:/Brains/Dad/calendar\2025-03-31.md'
2025-05-07 17:25:21,893 - INFO - Renamed 'E:/Brains/Dad/calendar\2025 03.md' to 'E:/Brains/Dad/calendar\2025-03.md'
2025-05-07 17:25:21,893 - INFO - Renamed 'E:/Brains/Dad/calendar\2025 04 02.md' to 'E:/Brains/Dad/calendar\2025-04-02.md'
2025-05-07 17:25:21,893 - INFO - Renamed 'E:/Brains/Dad/calendar\2025 04 07.md' to 'E:/Brains/Dad/calendar\2025-04-07.md'
2025-05-07 17:25:21,893 - INFO - Renamed 'E:/Brains/Dad/calendar\2025 04 08.md' to 'E:/Brains/Dad/calendar\2025-04-08.md'
2025-05-07 17:25:21,894 - INFO - Renamed 'E:/Brains/Dad/calendar\2025 04 10.md' to 'E:/Brains/Dad/calendar\2025-04-10.md'
2025-05-07 17:25:21,894 - INFO - Renamed 'E:/Brains/Dad/calendar\2025 04 11.md' to 'E:/Brains/Dad/calendar\2025-04-11.md'
2025-05-07 17:25:21,895 - INFO - Renamed 'E:/Brains/Dad/calendar\2025 04 12.md' to 'E:/Brains/Dad/calendar\2025-04-12.md'
2025-05-07 17:25:21,895 - INFO - Renamed 'E:/Brains/Dad/calendar\2025 04 13.md' to 'E:/Brains/Dad/calendar\2025-04-13.md'
2025-05-07 17:25:21,895 - INFO - Renamed 'E:/Brains/Dad/calendar\2025 04 14.md' to 'E:/Brains/Dad/calendar\2025-04-14.md'
2025-05-07 17:25:21,896 - INFO - Renamed 'E:/Brains/Dad/calendar\2025 04 16.md' to 'E:/Brains/Dad/calendar\2025-04-16.md'
2025-05-07 17:25:21,896 - INFO - Renamed 'E:/Brains/Dad/calendar\2025 04 21.md' to 'E:/Brains/Dad/calendar\2025-04-21.md'
2025-05-07 17:25:21,896 - INFO - Renamed 'E:/Brains/Dad/calendar\2025 04 22.md' to 'E:/Brains/Dad/calendar\2025-04-22.md'
2025-05-07 17:25:21,897 - INFO - Renamed 'E:/Brains/Dad/calendar\2025 04 23.md' to 'E:/Brains/Dad/calendar\2025-04-23.md'
2025-05-07 17:25:21,897 - INFO - Renamed 'E:/Brains/Dad/calendar\2025 04 24.md' to 'E:/Brains/Dad/calendar\2025-04-24.md'
2025-05-07 17:25:21,897 - INFO - Renamed 'E:/Brains/Dad/calendar\2025 04 25.md' to 'E:/Brains/Dad/calendar\2025-04-25.md'
2025-05-07 17:25:21,898 - INFO - Renamed 'E:/Brains/Dad/calendar\2025 04 26.md' to 'E:/Brains/Dad/calendar\2025-04-26.md'
2025-05-07 17:25:21,898 - INFO - Renamed 'E:/Brains/Dad/calendar\2025 04 28.md' to 'E:/Brains/Dad/calendar\2025-04-28.md'
2025-05-07 17:25:21,898 - INFO - Renamed 'E:/Brains/Dad/calendar\2025 04.md' to 'E:/Brains/Dad/calendar\2025-04.md'
2025-05-07 17:25:21,898 - INFO - Renamed 'E:/Brains/Dad/calendar\2025 05 07.md' to 'E:/Brains/Dad/calendar\2025-05-07.md'
2025-05-07 17:25:21,898 - INFO - Renamed 'E:/Brains/Dad/calendar\2025 05 08.md' to 'E:/Brains/Dad/calendar\2025-05-08.md'
2025-05-07 17:25:21,899 - ERROR - Failed to rename 'E:/Brains/Dad/calendar\2025 05.md': [WinError 183] Cannot create a file when that file already exists: 'E:/Brains/Dad/calendar\\2025 05.md' -> 'E:/Brains/Dad/calendar\\2025-05.md'
2025-05-07 17:25:21,899 - INFO - Renamed 'E:/Brains/Dad/calendar\2025 06.md' to 'E:/Brains/Dad/calendar\2025-06.md'
2025-05-07 17:25:21,899 - INFO - Renamed 'E:/Brains/Dad/calendar\2025 07.md' to 'E:/Brains/Dad/calendar\2025-07.md'
2025-05-07 17:25:21,899 - INFO - Renamed 'E:/Brains/Dad/calendar\2025 08.md' to 'E:/Brains/Dad/calendar\2025-08.md'
2025-05-07 17:25:21,900 - INFO - Renamed 'E:/Brains/Dad/calendar\2025 09.md' to 'E:/Brains/Dad/calendar\2025-09.md'
2025-05-07 17:25:21,900 - INFO - Renamed 'E:/Brains/Dad/calendar\2025 10.md' to 'E:/Brains/Dad/calendar\2025-10.md'
2025-05-07 17:25:21,900 - INFO - Renamed 'E:/Brains/Dad/calendar\2025 11.md' to 'E:/Brains/Dad/calendar\2025-11.md'
2025-05-07 17:25:21,901 - INFO - Renamed 'E:/Brains/Dad/calendar\2025 12.md' to 'E:/Brains/Dad/calendar\2025-12.md'
2025-05-07 17:25:21,901 - INFO - File renaming process completed.
